Test Case 3
Data structure: [True Anomaly, cosine(yaw), sine(yaw), 0]

Orbit SMA: 6838.1366
[0.0, 0.5277851023176544, -0.8493779404785263]
[6.101694915254237, 0.5299493518514393, -0.8480292945837657]
[12.203389830508474, 0.5365032851126297, -0.8438982314612091]
[18.305084745762713, 0.5476311059236078, -0.8367198885080277]
[24.406779661016948, 0.5636408553878492, -0.826019967154338]
[30.508474576271183, 0.5849613877460615, -0.8110611412502771]
[36.610169491525426, 0.6121265193462838, -0.7907598398458306]
[42.71186440677966, 0.6457280911719561, -0.7635674379329058]
[48.813559322033896, 0.6863029644693178, -0.7273157780226044]
[54.91525423728813, 0.7340921407359523, -0.6790498721814965]
[61.01694915254237, 0.7885787866084651, -0.6149337340812592]
[67.11864406779661, 0.8477144937052373, -0.5304527661932522]
[73.22033898305085, 0.9069003253859627, -0.4213452264056577]
[79.32203389830508, 0.9583023983281995, -0.285756038183659]
[85.42372881355932, 0.9918570413158958, -0.12735623106890892]
[91.52542372881355, 0.9990835822151429, 0.042801819449150756]
[97.62711864406779, 0.9779398812078469, 0.20888654514635982]
[103.72881355932203, 0.934181743656541, 0.3567975193563214]
[109.83050847457626, 0.877714284475763, 0.47918434326175474]
[115.9322033898305, 0.8177809972192484, 0.5755295305951657]
[122.03389830508473, 0.7605790470491347, 0.6492453412923578]
[128.135593220339, 0.709302904121612, 0.7049038162789638]
[134.23728813559322, 0.6651177980485082, 0.7467384513463224]
[140.33898305084745, 0.6280859057299837, 0.7781440066101815]
[146.4406779661017, 0.5977768634166031, 0.8016625359612409]
[152.54237288135593, 0.5736060344829715, 0.8191313186569783]
[158.64406779661016, 0.555001676172422, 0.8318492287943783]
[164.7457627118644, 0.5414791077360452, 0.8407142058305999]
[170.84745762711864, 0.5326689933189107, 0.8463236635924923]
[176.94915254237287, 0.5283252102747982, 0.8490420909401902]
[183.0508474576271, 0.5283252102747982, 0.8490420909401902]
[189.15254237288136, 0.5326689933189107, 0.8463236635924923]
[195.25423728813558, 0.5414791077360452, 0.8407142058305999]
[201.3559322033898, 0.5550016761724219, 0.8318492287943784]
[207.45762711864407, 0.5736060344829715, 0.8191313186569783]
[213.5593220338983, 0.597776863416603, 0.8016625359612409]
[219.66101694915253, 0.6280859057299835, 0.7781440066101816]
[225.76271186440678, 0.6651177980485082, 0.7467384513463224]
[231.864406779661, 0.7093029041216121, 0.7049038162789638]
[237.96610169491524, 0.7605790470491346, 0.6492453412923579]
[244.06779661016947, 0.8177809972192481, 0.575529530595166]
[250.16949152542372, 0.8777142844757628, 0.4791843432617553]
[256.271186440678, 0.9341817436565414, 0.3567975193563206]
[262.3728813559322, 0.9779398812078468, 0.2088865451463605]
[268.47457627118644, 0.9990835822151429, 0.042801819449151866]
[274.5762711864407, 0.9918570413158957, -0.1273562310689096]
[280.6779661016949, 0.9583023983281999, -0.2857560381836581]
[286.77966101694915, 0.906900325385963, -0.4213452264056572]
[292.8813559322034, 0.8477144937052372, -0.5304527661932525]
[298.9830508474576, 0.7885787866084655, -0.6149337340812587]
[305.08474576271186, 0.7340921407359523, -0.6790498721814965]
[311.18644067796606, 0.6863029644693182, -0.7273157780226039]
[317.2881355932203, 0.6457280911719564, -0.7635674379329056]
[323.3898305084746, 0.6121265193462838, -0.7907598398458306]
[329.4915254237288, 0.5849613877460618, -0.8110611412502768]
[335.59322033898303, 0.5636408553878492, -0.826019967154338]
[341.6949152542373, 0.5476311059236078, -0.8367198885080277]
[347.7966101694915, 0.5365032851126299, -0.8438982314612089]
[353.89830508474574, 0.5299493518514393, -0.8480292945837657]
[360.0, 0.5277851023176544, -0.8493779404785263]

Orbit SMA: 13676.2732
[0.0, 0.42938180850491314, -0.9031230605654194]
[6.101694915254237, 0.43137401870220843, -0.9021731851416925]
[12.203389830508474, 0.4374266933626346, -0.8992540730704708]
[18.305084745762713, 0.44777277562931794, -0.8941473823734074]
[24.406779661016948, 0.46281641863865874, -0.8864541514587688]
[30.508474576271183, 0.4831559520522927, -0.8755343088631322]
[36.610169491525426, 0.509612078559624, -0.8604042825242908]
[42.71186440677966, 0.5432504632095582, -0.8395706844707005]
[48.813559322033896, 0.5853687973271632, -0.8107671497512406]
[54.91525423728813, 0.6373727217399456, -0.7705556524883935]
[61.01694915254237, 0.7003652018885597, -0.7137846902137907]
[67.11864406779661, 0.774095389091279, -0.633068976168965]
[73.22033898305085, 0.8547625605044559, -0.5190192339016603]
[79.32203389830508, 0.9317429579823132, -0.3631185209409861]
[85.42372881355932, 0.9862096737760423, -0.16550069290051997]
[91.52542372881355, 0.9984361682479846, 0.055903648666989346]
[97.62711864406779, 0.9631730652673093, 0.26888221648814103]
[103.72881355932203, 0.8947234607149671, 0.446620564737264]
[109.83050847457626, 0.814026442265646, 0.5808278155291247]
[115.9322033898305, 0.7360069677467093, 0.6769739606722658]
[122.03389830508473, 0.6674604164889364, 0.7446452795931869]
[128.135593220339, 0.6100510124500023, 0.7923621408224444]
[134.23728813559322, 0.563161531441751, 0.8263468336625861]
[140.33898305084745, 0.5254571920696496, 0.8508200393163524]
[146.4406779661017, 0.4955587154453726, 0.868574440992902]
[152.54237288135593, 0.47227845246821737, 0.8814494105359795]
[158.64406779661016, 0.4546748769700963, 0.8906574853737141]
[164.7457627118644, 0.442042042619368, 0.8969943325110237]
[170.84745762711864, 0.4338820384064932, 0.9009696869197245]
[176.94915254237287, 0.4298786822773274, 0.902886658736028]
[183.0508474576271, 0.4298786822773274, 0.902886658736028]
[189.15254237288136, 0.4338820384064932, 0.9009696869197245]
[195.25423728813558, 0.442042042619368, 0.8969943325110237]
[201.3559322033898, 0.4546748769700963, 0.8906574853737141]
[207.45762711864407, 0.47227845246821737, 0.8814494105359795]
[213.5593220338983, 0.4955587154453726, 0.868574440992902]
[219.66101694915253, 0.5254571920696494, 0.8508200393163524]
[225.76271186440678, 0.563161531441751, 0.8263468336625861]
[231.864406779661, 0.6100510124500025, 0.7923621408224443]
[237.96610169491524, 0.6674604164889364, 0.7446452795931869]
[244.06779661016947, 0.736006967746709, 0.676973960672266]
[250.16949152542372, 0.8140264422656457, 0.5808278155291251]
[256.271186440678, 0.8947234607149677, 0.4466205647372631]
[262.3728813559322, 0.9631730652673091, 0.2688822164881418]
[268.47457627118644, 0.9984361682479845, 0.055903648666990796]
[274.5762711864407, 0.9862096737760422, -0.16550069290052083]
[280.6779661016949, 0.9317429579823137, -0.36311852094098496]
[286.77966101694915, 0.8547625605044562, -0.5190192339016597]
[292.8813559322034, 0.7740953890912787, -0.6330689761689652]
[298.9830508474576, 0.7003652018885601, -0.7137846902137902]
[305.08474576271186, 0.6373727217399455, -0.7705556524883935]
[311.18644067796606, 0.5853687973271634, -0.8107671497512404]
[317.2881355932203, 0.5432504632095584, -0.8395706844707003]
[323.3898305084746, 0.509612078559624, -0.8604042825242908]
[329.4915254237288, 0.4831559520522929, -0.8755343088631321]
[335.59322033898303, 0.46281641863865874, -0.8864541514587688]
[341.6949152542373, 0.44777277562931794, -0.8941473823734074]
[347.7966101694915, 0.4374266933626348, -0.8992540730704707]
[353.89830508474574, 0.43137401870220843, -0.9021731851416925]
[360.0, 0.42938180850491314, -0.9031230605654194]

Orbit SMA: 20514.4098
[0.0, 0.36368190642114195, -0.9315231993578494]
[6.101694915254237, 0.36547788079323185, -0.930820024844163]
[12.203389830508474, 0.37094425046246715, -0.9286551367697475]
[18.305084745762713, 0.38032325987093113, -0.9248536197697169]
[24.406779661016948, 0.3940423571033027, -0.9190922808991887]
[30.508474576271183, 0.41275202185380055, -0.9108434379494644]
[36.610169491525426, 0.437382379689095, -0.8992756273454231]
[42.71186440677966, 0.4692185893546985, -0.8830820547400943]
[48.813559322033896, 0.5099835549895159, -0.8601841510050365]
[54.91525423728813, 0.5618778488301364, -0.8272202143286989]
[61.01694915254237, 0.6274111323311671, -0.7786881731649214]
[67.11864406779661, 0.7085501086294629, -0.7056605016303352]
[73.22033898305085, 0.8040547201842866, -0.5945553018427878]
[79.32203389830508, 0.9034200928313337, -0.42875649950598343]
[85.42372881355932, 0.9797502866817853, -0.20022331469376745]
[91.52542372881355, 0.9976834804950323, 0.06802700013464058]
[97.62711864406779, 0.9467845980787439, 0.32186786860584793]
[103.72881355932203, 0.8545075747147832, 0.5194389326523947]
[109.83050847457626, 0.7548482847459109, 0.6558994336147548]
[115.9322033898305, 0.6659810347708084, 0.7459686731529706]
[122.03389830508473, 0.592785567790252, 0.8053603358867312]
[128.135593220339, 0.5343851234654275, 0.8452411134219867]
[134.23728813559322, 0.48835835539158906, 0.8726431783491019]
[140.33898305084745, 0.45230322446602256, 0.8918642234878797]
[146.4406779661017, 0.4242561039626711, 0.9055422454255877]
[152.54237288135593, 0.4027225894726794, 0.9153220831644017]
[158.64406779661016, 0.3866054365052089, 0.9222452149318081]
[164.7457627118644, 0.3751226574722648, 0.9269751840534599]
[170.84745762711864, 0.367741141434241, 0.9299281977102541]
[176.94915254237287, 0.36412968755614017, 0.931348254220873]
[183.0508474576271, 0.36412968755614017, 0.931348254220873]
[189.15254237288136, 0.367741141434241, 0.9299281977102541]
[195.25423728813558, 0.3751226574722646, 0.92697518405346]
[201.3559322033898, 0.3866054365052089, 0.9222452149318081]
[207.45762711864407, 0.4027225894726794, 0.9153220831644017]
[213.5593220338983, 0.4242561039626709, 0.9055422454255877]
[219.66101694915253, 0.4523032244660224, 0.8918642234878799]
[225.76271186440678, 0.48835835539158884, 0.872643178349102]
[231.864406779661, 0.5343851234654275, 0.8452411134219867]
[237.96610169491524, 0.5927855677902519, 0.8053603358867313]
[244.06779661016947, 0.6659810347708082, 0.7459686731529707]
[250.16949152542372, 0.7548482847459105, 0.6558994336147552]
[256.271186440678, 0.8545075747147839, 0.5194389326523937]
[262.3728813559322, 0.9467845980787436, 0.32186786860584893]
[268.47457627118644, 0.9976834804950322, 0.06802700013464234]
[274.5762711864407, 0.9797502866817851, -0.20022331469376842]
[280.6779661016949, 0.9034200928313344, -0.4287564995059821]
[286.77966101694915, 0.8040547201842871, -0.5945553018427872]
[292.8813559322034, 0.7085501086294627, -0.7056605016303353]
[298.9830508474576, 0.6274111323311676, -0.7786881731649211]
[305.08474576271186, 0.5618778488301363, -0.827220214328699]
[311.18644067796606, 0.5099835549895163, -0.8601841510050363]
[317.2881355932203, 0.4692185893546989, -0.883082054740094]
[323.3898305084746, 0.437382379689095, -0.8992756273454231]
[329.4915254237288, 0.4127520218538007, -0.9108434379494643]
[335.59322033898303, 0.3940423571033027, -0.9190922808991887]
[341.6949152542373, 0.38032325987093113, -0.9248536197697169]
[347.7966101694915, 0.37094425046246715, -0.9286551367697475]
[353.89830508474574, 0.36547788079323185, -0.930820024844163]
[360.0, 0.36368190642114195, -0.9315231993578494]

Orbit SMA: 27352.5464
[0.0, 0.30030045075131523, -0.9538446620276054]
[6.101694915254237, 0.30185591020159774, -0.9533535595341137]
[12.203389830508474, 0.3065971758941253, -0.9518393623578228]
[18.305084745762713, 0.314756901726589, -0.9491723198742568]
[24.406779661016948, 0.3267508289306327, -0.9451105204118428]
[30.508474576271183, 0.34322469484163537, -0.9392533251742399]
[36.610169491525426, 0.3651304823125856, -0.9309563528362533]
[42.71186440677966, 0.393843629500729, -0.9191774559363891]
[48.813559322033896, 0.4313343871897779, -0.9021921338759382]
[54.91525423728813, 0.48039335814711226, -0.8770531463076455]
[61.01694915254237, 0.5448345004387254, -0.8385435988257763]
[67.11864406779661, 0.6292817618456366, -0.7771772411801902]
[73.22033898305085, 0.7370418275072649, -0.6758471310176223]
[79.32203389830508, 0.8618221498558905, -0.5072105894180159]
[85.42372881355932, 0.9693563505652328, -0.2456588398956026]
[91.52542372881355, 0.9964442983722737, 0.0842541407966829]
[97.62711864406779, 0.9214627235500334, 0.38846679279927465]
[103.72881355932203, 0.7985330179715712, 0.6019510106389176]
[109.83050847457626, 0.6802469752718021, 0.7329829824992967]
[115.9322033898305, 0.5842684735936667, 0.8115604418430747]
[122.03389830508473, 0.5104119264666616, 0.8599300351311095]
[128.135593220339, 0.45420478364423683, 0.8908973086246764]
[134.23728813559322, 0.41133951202144914, 0.9114822027060957]
[140.33898305084745, 0.3785293596683767, 0.925589284655483]
[146.4406779661017, 0.35342427303161134, 0.9354631383609282]
[152.54237288135593, 0.33437658841895146, 0.9424395456034849]
[158.64406779661016, 0.32024034808802, 0.947336328584766]
[164.7457627118644, 0.31022846805456483, 0.9506620312227253]
[170.84745762711864, 0.30381767912945556, 0.9527301915276912]
[176.94915254237287, 0.3006881607102374, 0.9537225120592963]
[183.0508474576271, 0.3006881607102374, 0.9537225120592963]
[189.15254237288136, 0.30381767912945556, 0.9527301915276912]
[195.25423728813558, 0.31022846805456483, 0.9506620312227253]
[201.3559322033898, 0.3202403480880198, 0.9473363285847661]
[207.45762711864407, 0.33437658841895146, 0.9424395456034849]
[213.5593220338983, 0.35342427303161134, 0.9354631383609282]
[219.66101694915253, 0.3785293596683765, 0.9255892846554831]
[225.76271186440678, 0.41133951202144914, 0.9114822027060957]
[231.864406779661, 0.45420478364423683, 0.8908973086246764]
[237.96610169491524, 0.5104119264666613, 0.8599300351311097]
[244.06779661016947, 0.5842684735936665, 0.8115604418430749]
[250.16949152542372, 0.6802469752718016, 0.7329829824992972]
[256.271186440678, 0.798533017971572, 0.6019510106389167]
[262.3728813559322, 0.921462723550033, 0.3884667927992757]
[268.47457627118644, 0.9964442983722734, 0.08425414079668508]
[274.5762711864407, 0.9693563505652326, -0.24565883989560378]
[280.6779661016949, 0.8618221498558912, -0.5072105894180146]
[286.77966101694915, 0.7370418275072654, -0.6758471310176217]
[292.8813559322034, 0.6292817618456363, -0.7771772411801904]
[298.9830508474576, 0.5448345004387259, -0.838543598825776]
[305.08474576271186, 0.48039335814711226, -0.8770531463076455]
[311.18644067796606, 0.43133438718977807, -0.9021921338759381]
[317.2881355932203, 0.3938436295007294, -0.9191774559363889]
[323.3898305084746, 0.3651304823125856, -0.9309563528362533]
[329.4915254237288, 0.3432246948416356, -0.9392533251742398]
[335.59322033898303, 0.3267508289306327, -0.9451105204118428]
[341.6949152542373, 0.314756901726589, -0.9491723198742568]
[347.7966101694915, 0.3065971758941253, -0.9518393623578228]
[353.89830508474574, 0.30185591020159774, -0.9533535595341137]
[360.0, 0.30030045075131523, -0.9538446620276054]

Orbit SMA: 34190.683
[0.0, 0.22383074051792293, -0.9746280314043908]
[6.101694915254237, 0.22504160032534073, -0.9743491561668279]
[12.203389830508474, 0.22873764310977923, -0.973488105024701]
[18.305084745762713, 0.23511711373536218, -0.9719670482216733]
[24.406779661016948, 0.2445383390666286, -0.9696396241524655]
[30.508474576271183, 0.25756825679391504, -0.9662601063337676]
[36.610169491525426, 0.275065958499905, -0.9614253577238997]
[42.71186440677966, 0.2983231390417762, -0.9544649311065656]
[48.813559322033896, 0.3293009967024655, -0.9442250015598839]
[54.91525423728813, 0.3710322136346342, -0.9286199957169688]
[61.01694915254237, 0.4282896886219458, -0.9036414900944493]
[67.11864406779661, 0.5085616673039758, -0.8610255690448456]
[73.22033898305085, 0.6225506015995539, -0.782579547680639]
[79.32203389830508, 0.7782789256794487, -0.6279187159523463]
[85.42372881355932, 0.9446177230489488, -0.32817275527048173]
[91.52542372881355, 0.9933489260605088, 0.11514300280274867]
[97.62711864406779, 0.8658087826992455, 0.5003750111674747]
[103.72881355932203, 0.6954004844282542, 0.7186224086799334]
[109.83050847457626, 0.5605981984536499, 0.8280879541996261]
[115.9322033898305, 0.4649469952365797, 0.8853385180937718]
[122.03389830508473, 0.3973285514446685, 0.9176764256571492]
[128.135593220339, 0.348575061306418, 0.937280868595549]
[134.23728813559322, 0.31268880841504715, 0.9498556253936584]
[140.33898305084745, 0.2858714169415604, 0.9582679859913011]
[146.4406779661017, 0.26569021854125435, 0.9640584566153136]
[152.54237288135593, 0.2505566611563839, 0.9681019365491245]
[158.64406779661016, 0.23941773119275198, 0.9709166545025969]
[164.7457627118644, 0.23157374089563504, 0.9728173531180462]
[170.84745762711864, 0.22656994464672847, 0.9739948974110585]
[176.94915254237287, 0.22413247869473085, 0.9745586857619997]
[183.0508474576271, 0.22413247869473085, 0.9745586857619997]
[189.15254237288136, 0.22656994464672847, 0.9739948974110585]
[195.25423728813558, 0.23157374089563504, 0.9728173531180462]
[201.3559322033898, 0.23941773119275198, 0.9709166545025969]
[207.45762711864407, 0.2505566611563839, 0.9681019365491245]
[213.5593220338983, 0.26569021854125435, 0.9640584566153136]
[219.66101694915253, 0.28587141694156015, 0.9582679859913013]
[225.76271186440678, 0.31268880841504715, 0.9498556253936584]
[231.864406779661, 0.34857506130641824, 0.9372808685955489]
[237.96610169491524, 0.3973285514446685, 0.9176764256571492]
[244.06779661016947, 0.46494699523657945, 0.885338518093772]
[250.16949152542372, 0.5605981984536493, 0.8280879541996266]
[256.271186440678, 0.6954004844282552, 0.7186224086799325]
[262.3728813559322, 0.8658087826992449, 0.5003750111674761]
[268.47457627118644, 0.9933489260605085, 0.1151430028027516]
[274.5762711864407, 0.9446177230489483, -0.32817275527048323]
[280.6779661016949, 0.7782789256794498, -0.6279187159523448]
[286.77966101694915, 0.6225506015995546, -0.7825795476806385]
[292.8813559322034, 0.5085616673039757, -0.8610255690448457]
[298.9830508474576, 0.42828968862194616, -0.9036414900944492]
[305.08474576271186, 0.371032213634634, -0.9286199957169688]
[311.18644067796606, 0.3293009967024657, -0.9442250015598839]
[317.2881355932203, 0.29832313904177665, -0.9544649311065655]
[323.3898305084746, 0.275065958499905, -0.9614253577238997]
[329.4915254237288, 0.25756825679391526, -0.9662601063337676]
[335.59322033898303, 0.2445383390666286, -0.9696396241524655]
[341.6949152542373, 0.23511711373536218, -0.9719670482216733]
[347.7966101694915, 0.22873764310977923, -0.973488105024701]
[353.89830508474574, 0.22504160032534073, -0.9743491561668279]
[360.0, 0.22383074051792293, -0.9746280314043908]

Orbit SMA: 41028.8196
[0.0, 0.04476614810358474, -0.9989974934823249]
[6.101694915254237, 0.04502068671073314, -0.9989860548416549]
[12.203389830508474, 0.04579895127767042, -0.99895067749207]
[18.305084745762713, 0.04714699036136115, -0.9988879623360498]
[24.406779661016948, 0.04914913908729813, -0.9987914507678655]
[30.508474576271183, 0.05194169796595251, -0.9986501189167374]
[36.610169491525426, 0.05573783636945468, -0.998445438467647]
[42.71186440677966, 0.06087308589202463, -0.9981455141481037]
[48.813559322033896, 0.06789203521960392, -0.9976926739000042]
[54.91525423728813, 0.07772527532059735, -0.9969748149157718]
[61.01694915254237, 0.09208665559359, -0.9957509969171949]
[67.11864406779661, 0.1144898273919114, -0.9934244205895939]
[73.22033898305085, 0.15338427469570293, -0.9881666176693449]
[79.32203389830508, 0.23506783385685073, -0.9719789676149624]
[85.42372881355932, 0.489691557224305, -0.8718957384820935]
[91.52542372881355, 0.8597372480967967, 0.5107365898728491]
[97.62711864406779, 0.31988249865158447, 0.9474572217553777]
[103.72881355932203, 0.18553759172404072, 0.9826371670445013]
[109.83050847457626, 0.130955425541432, 0.9913882572036359]
[115.9322033898305, 0.10193665572265269, 0.9947908917054284]
[122.03389830508473, 0.08418221907364158, 0.9964503770844976]
[128.135593220339, 0.0723753383598417, 0.9973774663572956]
[134.23728813559322, 0.06410105086545718, 0.9979434128636473]
[140.33898305084745, 0.05811038365498182, 0.9983101638826837]
[146.4406779661017, 0.05369695685802299, 0.9985572776882594]
[152.54237288135593, 0.05043549524835598, 0.9987273205530391]
[158.64406779661016, 0.04805922162994142, 0.9988444880041758]
[164.7457627118644, 0.04639749512962207, 0.9989230563190024]
[170.84745762711864, 0.045342265421728756, 0.9989715105879774]
[176.94915254237287, 0.044829557810590046, 0.9989946500089513]
[183.0508474576271, 0.044829557810590046, 0.9989946500089513]
[189.15254237288136, 0.045342265421728756, 0.9989715105879774]
[195.25423728813558, 0.04639749512962207, 0.9989230563190024]
[201.3559322033898, 0.04805922162994142, 0.9988444880041758]
[207.45762711864407, 0.05043549524835598, 0.9987273205530391]
[213.5593220338983, 0.05369695685802277, 0.9985572776882594]
[219.66101694915253, 0.05811038365498182, 0.9983101638826837]
[225.76271186440678, 0.06410105086545718, 0.9979434128636473]
[231.864406779661, 0.0723753383598417, 0.9973774663572956]
[237.96610169491524, 0.08418221907364158, 0.9964503770844976]
[244.06779661016947, 0.10193665572265247, 0.9947908917054284]
[250.16949152542372, 0.13095542554143177, 0.9913882572036359]
[256.271186440678, 0.18553759172404113, 0.9826371670445012]
[262.3728813559322, 0.3198824986515834, 0.9474572217553782]
[268.47457627118644, 0.859737248096791, 0.5107365898728589]
[274.5762711864407, 0.48969155722430313, -0.8718957384820946]
[280.6779661016949, 0.2350678338568516, -0.9719789676149622]
[286.77966101694915, 0.15338427469570315, -0.9881666176693448]
[292.8813559322034, 0.1144898273919114, -0.9934244205895939]
[298.9830508474576, 0.09208665559359022, -0.9957509969171949]
[305.08474576271186, 0.07772527532059735, -0.9969748149157718]
[311.18644067796606, 0.06789203521960392, -0.9976926739000042]
[317.2881355932203, 0.06087308589202463, -0.9981455141481037]
[323.3898305084746, 0.05573783636945468, -0.998445438467647]
[329.4915254237288, 0.05194169796595251, -0.9986501189167374]
[335.59322033898303, 0.04914913908729813, -0.9987914507678655]
[341.6949152542373, 0.04714699036136115, -0.9988879623360498]
[347.7966101694915, 0.04579895127767042, -0.99895067749207]
[353.89830508474574, 0.04502068671073314, -0.9989860548416549]
[360.0, 0.04476614810358474, -0.9989974934823249]

Orbit SMA: 47866.9562
[0.0, 0.04476614810358474, -0.9989974934823249]
[6.101694915254237, 0.04502068671073314, -0.9989860548416549]
[12.203389830508474, 0.04579895127767042, -0.99895067749207]
[18.305084745762713, 0.04714699036136115, -0.9988879623360498]
[24.406779661016948, 0.04914913908729813, -0.9987914507678655]
[30.508474576271183, 0.05194169796595251, -0.9986501189167374]
[36.610169491525426, 0.05573783636945468, -0.998445438467647]
[42.71186440677966, 0.06087308589202463, -0.9981455141481037]
[48.813559322033896, 0.06789203521960392, -0.9976926739000042]
[54.91525423728813, 0.07772527532059735, -0.9969748149157718]
[61.01694915254237, 0.09208665559359, -0.9957509969171949]
[67.11864406779661, 0.1144898273919114, -0.9934244205895939]
[73.22033898305085, 0.15338427469570293, -0.9881666176693449]
[79.32203389830508, 0.23506783385685073, -0.9719789676149624]
[85.42372881355932, 0.489691557224305, -0.8718957384820935]
[91.52542372881355, 0.8597372480967967, 0.5107365898728491]
[97.62711864406779, 0.31988249865158447, 0.9474572217553777]
[103.72881355932203, 0.18553759172404072, 0.9826371670445013]
[109.83050847457626, 0.130955425541432, 0.9913882572036359]
[115.9322033898305, 0.10193665572265269, 0.9947908917054284]
[122.03389830508473, 0.08418221907364158, 0.9964503770844976]
[128.135593220339, 0.0723753383598417, 0.9973774663572956]
[134.23728813559322, 0.06410105086545718, 0.9979434128636473]
[140.33898305084745, 0.05811038365498182, 0.9983101638826837]
[146.4406779661017, 0.05369695685802299, 0.9985572776882594]
[152.54237288135593, 0.05043549524835598, 0.9987273205530391]
[158.64406779661016, 0.04805922162994142, 0.9988444880041758]
[164.7457627118644, 0.04639749512962207, 0.9989230563190024]
[170.84745762711864, 0.045342265421728756, 0.9989715105879774]
[176.94915254237287, 0.044829557810590046, 0.9989946500089513]
[183.0508474576271, 0.044829557810590046, 0.9989946500089513]
[189.15254237288136, 0.045342265421728756, 0.9989715105879774]
[195.25423728813558, 0.04639749512962207, 0.9989230563190024]
[201.3559322033898, 0.04805922162994142, 0.9988444880041758]
[207.45762711864407, 0.05043549524835598, 0.9987273205530391]
[213.5593220338983, 0.05369695685802277, 0.9985572776882594]
[219.66101694915253, 0.05811038365498182, 0.9983101638826837]
[225.76271186440678, 0.06410105086545718, 0.9979434128636473]
[231.864406779661, 0.0723753383598417, 0.9973774663572956]
[237.96610169491524, 0.08418221907364158, 0.9964503770844976]
[244.06779661016947, 0.10193665572265247, 0.9947908917054284]
[250.16949152542372, 0.13095542554143177, 0.9913882572036359]
[256.271186440678, 0.18553759172404113, 0.9826371670445012]
[262.3728813559322, 0.3198824986515834, 0.9474572217553782]
[268.47457627118644, 0.859737248096791, 0.5107365898728589]
[274.5762711864407, 0.48969155722430313, -0.8718957384820946]
[280.6779661016949, 0.2350678338568516, -0.9719789676149622]
[286.77966101694915, 0.15338427469570315, -0.9881666176693448]
[292.8813559322034, 0.1144898273919114, -0.9934244205895939]
[298.9830508474576, 0.09208665559359022, -0.9957509969171949]
[305.08474576271186, 0.07772527532059735, -0.9969748149157718]
[311.18644067796606, 0.06789203521960392, -0.9976926739000042]
[317.2881355932203, 0.06087308589202463, -0.9981455141481037]
[323.3898305084746, 0.05573783636945468, -0.998445438467647]
[329.4915254237288, 0.05194169796595251, -0.9986501189167374]
[335.59322033898303, 0.04914913908729813, -0.9987914507678655]
[341.6949152542373, 0.04714699036136115, -0.9988879623360498]
[347.7966101694915, 0.04579895127767042, -0.99895067749207]
[353.89830508474574, 0.04502068671073314, -0.9989860548416549]
[360.0, 0.04476614810358474, -0.9989974934823249]

Orbit SMA: 54705.0928
[0.0, 0.04476614810358474, -0.9989974934823249]
[6.101694915254237, 0.04502068671073314, -0.9989860548416549]
[12.203389830508474, 0.04579895127767042, -0.99895067749207]
[18.305084745762713, 0.04714699036136115, -0.9988879623360498]
[24.406779661016948, 0.04914913908729813, -0.9987914507678655]
[30.508474576271183, 0.05194169796595251, -0.9986501189167374]
[36.610169491525426, 0.05573783636945468, -0.998445438467647]
[42.71186440677966, 0.06087308589202463, -0.9981455141481037]
[48.813559322033896, 0.06789203521960392, -0.9976926739000042]
[54.91525423728813, 0.07772527532059735, -0.9969748149157718]
[61.01694915254237, 0.09208665559359, -0.9957509969171949]
[67.11864406779661, 0.1144898273919114, -0.9934244205895939]
[73.22033898305085, 0.15338427469570293, -0.9881666176693449]
[79.32203389830508, 0.23506783385685073, -0.9719789676149624]
[85.42372881355932, 0.489691557224305, -0.8718957384820935]
[91.52542372881355, 0.8597372480967967, 0.5107365898728491]
[97.62711864406779, 0.31988249865158447, 0.9474572217553777]
[103.72881355932203, 0.18553759172404072, 0.9826371670445013]
[109.83050847457626, 0.130955425541432, 0.9913882572036359]
[115.9322033898305, 0.10193665572265269, 0.9947908917054284]
[122.03389830508473, 0.08418221907364158, 0.9964503770844976]
[128.135593220339, 0.0723753383598417, 0.9973774663572956]
[134.23728813559322, 0.06410105086545718, 0.9979434128636473]
[140.33898305084745, 0.05811038365498182, 0.9983101638826837]
[146.4406779661017, 0.05369695685802299, 0.9985572776882594]
[152.54237288135593, 0.05043549524835598, 0.9987273205530391]
[158.64406779661016, 0.04805922162994142, 0.9988444880041758]
[164.7457627118644, 0.04639749512962207, 0.9989230563190024]
[170.84745762711864, 0.045342265421728756, 0.9989715105879774]
[176.94915254237287, 0.044829557810590046, 0.9989946500089513]
[183.0508474576271, 0.044829557810590046, 0.9989946500089513]
[189.15254237288136, 0.045342265421728756, 0.9989715105879774]
[195.25423728813558, 0.04639749512962207, 0.9989230563190024]
[201.3559322033898, 0.04805922162994142, 0.9988444880041758]
[207.45762711864407, 0.05043549524835598, 0.9987273205530391]
[213.5593220338983, 0.05369695685802277, 0.9985572776882594]
[219.66101694915253, 0.05811038365498182, 0.9983101638826837]
[225.76271186440678, 0.06410105086545718, 0.9979434128636473]
[231.864406779661, 0.0723753383598417, 0.9973774663572956]
[237.96610169491524, 0.08418221907364158, 0.9964503770844976]
[244.06779661016947, 0.10193665572265247, 0.9947908917054284]
[250.16949152542372, 0.13095542554143177, 0.9913882572036359]
[256.271186440678, 0.18553759172404113, 0.9826371670445012]
[262.3728813559322, 0.3198824986515834, 0.9474572217553782]
[268.47457627118644, 0.859737248096791, 0.5107365898728589]
[274.5762711864407, 0.48969155722430313, -0.8718957384820946]
[280.6779661016949, 0.2350678338568516, -0.9719789676149622]
[286.77966101694915, 0.15338427469570315, -0.9881666176693448]
[292.8813559322034, 0.1144898273919114, -0.9934244205895939]
[298.9830508474576, 0.09208665559359022, -0.9957509969171949]
[305.08474576271186, 0.07772527532059735, -0.9969748149157718]
[311.18644067796606, 0.06789203521960392, -0.9976926739000042]
[317.2881355932203, 0.06087308589202463, -0.9981455141481037]
[323.3898305084746, 0.05573783636945468, -0.998445438467647]
[329.4915254237288, 0.05194169796595251, -0.9986501189167374]
[335.59322033898303, 0.04914913908729813, -0.9987914507678655]
[341.6949152542373, 0.04714699036136115, -0.9988879623360498]
[347.7966101694915, 0.04579895127767042, -0.99895067749207]
[353.89830508474574, 0.04502068671073314, -0.9989860548416549]
[360.0, 0.04476614810358474, -0.9989974934823249]

Orbit SMA: 61543.2294
[0.0, 0.04476614810358474, -0.9989974934823249]
[6.101694915254237, 0.04502068671073314, -0.9989860548416549]
[12.203389830508474, 0.04579895127767042, -0.99895067749207]
[18.305084745762713, 0.04714699036136115, -0.9988879623360498]
[24.406779661016948, 0.04914913908729813, -0.9987914507678655]
[30.508474576271183, 0.05194169796595251, -0.9986501189167374]
[36.610169491525426, 0.05573783636945468, -0.998445438467647]
[42.71186440677966, 0.06087308589202463, -0.9981455141481037]
[48.813559322033896, 0.06789203521960392, -0.9976926739000042]
[54.91525423728813, 0.07772527532059735, -0.9969748149157718]
[61.01694915254237, 0.09208665559359, -0.9957509969171949]
[67.11864406779661, 0.1144898273919114, -0.9934244205895939]
[73.22033898305085, 0.15338427469570293, -0.9881666176693449]
[79.32203389830508, 0.23506783385685073, -0.9719789676149624]
[85.42372881355932, 0.489691557224305, -0.8718957384820935]
[91.52542372881355, 0.8597372480967967, 0.5107365898728491]
[97.62711864406779, 0.31988249865158447, 0.9474572217553777]
[103.72881355932203, 0.18553759172404072, 0.9826371670445013]
[109.83050847457626, 0.130955425541432, 0.9913882572036359]
[115.9322033898305, 0.10193665572265269, 0.9947908917054284]
[122.03389830508473, 0.08418221907364158, 0.9964503770844976]
[128.135593220339, 0.0723753383598417, 0.9973774663572956]
[134.23728813559322, 0.06410105086545718, 0.9979434128636473]
[140.33898305084745, 0.05811038365498182, 0.9983101638826837]
[146.4406779661017, 0.05369695685802299, 0.9985572776882594]
[152.54237288135593, 0.05043549524835598, 0.9987273205530391]
[158.64406779661016, 0.04805922162994142, 0.9988444880041758]
[164.7457627118644, 0.04639749512962207, 0.9989230563190024]
[170.84745762711864, 0.045342265421728756, 0.9989715105879774]
[176.94915254237287, 0.044829557810590046, 0.9989946500089513]
[183.0508474576271, 0.044829557810590046, 0.9989946500089513]
[189.15254237288136, 0.045342265421728756, 0.9989715105879774]
[195.25423728813558, 0.04639749512962207, 0.9989230563190024]
[201.3559322033898, 0.04805922162994142, 0.9988444880041758]
[207.45762711864407, 0.05043549524835598, 0.9987273205530391]
[213.5593220338983, 0.05369695685802277, 0.9985572776882594]
[219.66101694915253, 0.05811038365498182, 0.9983101638826837]
[225.76271186440678, 0.06410105086545718, 0.9979434128636473]
[231.864406779661, 0.0723753383598417, 0.9973774663572956]
[237.96610169491524, 0.08418221907364158, 0.9964503770844976]
[244.06779661016947, 0.10193665572265247, 0.9947908917054284]
[250.16949152542372, 0.13095542554143177, 0.9913882572036359]
[256.271186440678, 0.18553759172404113, 0.9826371670445012]
[262.3728813559322, 0.3198824986515834, 0.9474572217553782]
[268.47457627118644, 0.859737248096791, 0.5107365898728589]
[274.5762711864407, 0.48969155722430313, -0.8718957384820946]
[280.6779661016949, 0.2350678338568516, -0.9719789676149622]
[286.77966101694915, 0.15338427469570315, -0.9881666176693448]
[292.8813559322034, 0.1144898273919114, -0.9934244205895939]
[298.9830508474576, 0.09208665559359022, -0.9957509969171949]
[305.08474576271186, 0.07772527532059735, -0.9969748149157718]
[311.18644067796606, 0.06789203521960392, -0.9976926739000042]
[317.2881355932203, 0.06087308589202463, -0.9981455141481037]
[323.3898305084746, 0.05573783636945468, -0.998445438467647]
[329.4915254237288, 0.05194169796595251, -0.9986501189167374]
[335.59322033898303, 0.04914913908729813, -0.9987914507678655]
[341.6949152542373, 0.04714699036136115, -0.9988879623360498]
[347.7966101694915, 0.04579895127767042, -0.99895067749207]
[353.89830508474574, 0.04502068671073314, -0.9989860548416549]
[360.0, 0.04476614810358474, -0.9989974934823249]
